<?xml version="1.0" encoding="UTF-8"?>
<testng-results ignored="0" total="1" passed="1" failed="0" skipped="0">
  <reporter-output>
  </reporter-output>
  <suite started-at="2021-04-08T11:04:11 IST" name="Default suite" finished-at="2021-04-08T11:04:15 IST" duration-ms="3780">
    <groups>
    </groups>
    <test started-at="2021-04-08T11:04:11 IST" name="Default test" finished-at="2021-04-08T11:04:15 IST" duration-ms="3780">
      <class name="Blockuser">
        <test-method signature="block_user()[pri:0, instance:Blockuser@38f57b3d]" started-at="2021-04-08T11:04:11 IST" name="block_user" finished-at="2021-04-08T11:04:15 IST" duration-ms="3714" status="PASS">
          <reporter-output>
          </reporter-output>
        </test-method> <!-- block_user -->
      </class> <!-- Blockuser -->
    </test> <!-- Default test -->
  </suite> <!-- Default suite -->
</testng-results>
